{"type":"5","info":["a29f8711c10347a19c6aebab48a166fe7152526349d55000","0","","","2021-05-10 11:15:58.269","demo-rpc-client","192.168.142.154","1","","","331102","jres-svr","","3"],"myPackage":{"error_no":"9111","error_info":"[9111][test1]","requestBody":"Mz0wADU9MzMxMTAyADI9NQAxMD1uZ2lueF90ZXN0XzBBMTQ5MDI4IzExAG5n aW54X3Rlc3RfMEExNDkwMjgjMTEAAHQyADAAMTE9NAAyPTMAMjM9Z3JvdXAA dgBkZW1vLXJwYy1jbGllbnQAMj01ADM2PQAAAABncm91cC9kZW1vLXJwYy1j bGllbnQvdgAzNz0zADI9MgA0ND0ALTEAMj0xNAA4MD0AAAAAAAAAAAAAAAAA MTkyLjE2OC4xNDIuMTU0OjI1MzIyAA==","exceptionStack":"com.hundsun.jrescloud.common.exception.BaseBizException: [9111][test1]
	at com.hundsun.jrescloud.demo.rpc.client.service.UserInfoServiceImpl.teste(UserInfoServiceImpl.java:41)
	at com.alibaba.dubbo.common.bytecode.Wrapper0.invokeMethod(Wrapper0.java)
	at com.alibaba.dubbo.rpc.proxy.javassist.JavassistProxyFactory$1.doInvoke(JavassistProxyFactory.java:48)
	at com.alibaba.dubbo.rpc.proxy.AbstractProxyInvoker.invoke(AbstractProxyInvoker.java:72)
	at com.alibaba.dubbo.rpc.protocol.InvokerWrapper.invoke(InvokerWrapper.java:53)
	at com.alibaba.dubbo.rpc.filter.ExceptionFilter.invoke(ExceptionFilter.java:62)
	at com.alibaba.dubbo.rpc.protocol.ProtocolFilterWrapper$1.invoke(ProtocolFilterWrapper.java:115)
	at com.alibaba.dubbo.rpc.filter.TimeoutFilter.invoke(TimeoutFilter.java:42)
	at com.alibaba.dubbo.rpc.protocol.ProtocolFilterWrapper$1.invoke(ProtocolFilterWrapper.java:115)
	at com.alibaba.dubbo.rpc.protocol.dubbo.filter.TraceFilter.invoke(TraceFilter.java:78)
	at com.alibaba.dubbo.rpc.protocol.ProtocolFilterWrapper$1.invoke(ProtocolFilterWrapper.java:115)
	at com.alibaba.dubbo.monitor.support.MonitorFilter.invoke(MonitorFilter.java:77)
	at com.alibaba.dubbo.rpc.protocol.ProtocolFilterWrapper$1.invoke(ProtocolFilterWrapper.java:115)
	at com.hundsun.jrescloud.rpc.def.manager.filter.DebugProviderFilter.invoke(DebugProviderFilter.java:60)
	at com.alibaba.dubbo.rpc.protocol.ProtocolFilterWrapper$1.invoke(ProtocolFilterWrapper.java:115)
	at com.alibaba.dubbo.rpc.filter.ContextFilter.invoke(ContextFilter.java:86)
	at com.alibaba.dubbo.rpc.protocol.ProtocolFilterWrapper$1.invoke(ProtocolFilterWrapper.java:115)
	at com.alibaba.dubbo.rpc.filter.GenericFilter.invoke(GenericFilter.java:132)
	at com.alibaba.dubbo.rpc.protocol.ProtocolFilterWrapper$1.invoke(ProtocolFilterWrapper.java:115)
	at com.alibaba.dubbo.rpc.filter.ClassLoaderFilter.invoke(ClassLoaderFilter.java:38)
	at com.alibaba.dubbo.rpc.protocol.ProtocolFilterWrapper$1.invoke(ProtocolFilterWrapper.java:115)
	at com.alibaba.dubbo.rpc.filter.EchoFilter.invoke(EchoFilter.java:38)
	at com.alibaba.dubbo.rpc.protocol.ProtocolFilterWrapper$1.invoke(ProtocolFilterWrapper.java:115)
	at com.hundsun.jrescloud.rpc.def.filter.RpcResultWrapper.invoke(RpcResultWrapper.java:74)
	at com.alibaba.dubbo.rpc.protocol.ProtocolFilterWrapper$1.invoke(ProtocolFilterWrapper.java:115)
	at com.hundsun.jrescloud.rpc.def.monitor.filter.MonitorProviderFilter.invoke(MonitorProviderFilter.java:68)
	at com.alibaba.dubbo.rpc.protocol.ProtocolFilterWrapper$1.invoke(ProtocolFilterWrapper.java:115)
	at com.hundsun.jrescloud.rpc.def.bodyinfo.BodyInfoProviderFilter.invoke(BodyInfoProviderFilter.java:57)
	at com.alibaba.dubbo.rpc.protocol.ProtocolFilterWrapper$1.invoke(ProtocolFilterWrapper.java:115)
	at com.hundsun.jrescloud.rpc.def.log.LogContextFilter.invoke(LogContextFilter.java:27)
	at com.alibaba.dubbo.rpc.protocol.ProtocolFilterWrapper$1.invoke(ProtocolFilterWrapper.java:115)
	at com.hundsun.jrescloud.rpc.def.trace.TraceProviderFilter.invoke(TraceProviderFilter.java:165)
	at com.alibaba.dubbo.rpc.protocol.ProtocolFilterWrapper$1.invoke(ProtocolFilterWrapper.java:115)
	at com.alibaba.dubbo.rpc.protocol.t3.T3Protocol$1.reply(T3Protocol.java:167)
	at com.alibaba.dubbo.remoting.exchange.support.header.HeaderExchangeHandler.handleRequest(HeaderExchangeHandler.java:89)
	at com.alibaba.dubbo.remoting.exchange.support.header.HeaderExchangeHandler.received(HeaderExchangeHandler.java:175)
	at com.alibaba.dubbo.remoting.transport.DecodeHandler.received(DecodeHandler.java:52)
	at com.alibaba.dubbo.remoting.transport.dispatcher.ChannelEventRunnable.run(ChannelEventRunnable.java:82)
	at java.util.concurrent.ThreadPoolExecutor.runWorker(ThreadPoolExecutor.java:1142)
	at java.util.concurrent.ThreadPoolExecutor$Worker.run(ThreadPoolExecutor.java:617)
	at java.lang.Thread.run(Thread.java:745)

"}}
